#
# A fatal error has been detected by the Java Runtime Environment:
#
#  Internal Error (javaClasses.cpp:129), pid=1352, tid=4216
#  fatal error: Invalid layout of preloaded class
#
# JRE version: 7.0_25-b17
# Java VM: Java HotSpot(TM) 64-Bit Server VM (23.25-b01 mixed mode windows-amd64 compressed oops)
# Failed to write core dump. Minidumps are not enabled by default on client versions of Windows
#
# If you would like to submit a bug report, please visit:
#   http://bugreport.sun.com/bugreport/crash.jsp
#

---------------  T H R E A D  ---------------

Current thread (0x000000000260e000):  JavaThread "Unknown thread" [_thread_in_vm, id=4216, stack(0x0000000000ba0000,0x0000000000ca0000)]

Stack: [0x0000000000ba0000,0x0000000000ca0000]

---------------  P R O C E S S  ---------------

Java Threads: ( => current thread )

Other Threads:

=>0x000000000260e000 (exited) JavaThread "Unknown thread" [_thread_in_vm, id=4216, stack(0x0000000000ba0000,0x0000000000ca0000)]

VM state:not at safepoint (not fully initialized)

VM Mutex/Monitor currently owned by a thread: None

GC Heap History (0 events):
No events

Deoptimization events (0 events):
No events

Internal exceptions (0 events):
No events

Events (10 events):
Event: 0.030 loading class 0x0000000002488310 done
Event: 0.030 loading class 0x00000000024886d0 done
Event: 0.030 loading class 0x0000000002488910
Event: 0.030 loading class 0x00000000024900b0
Event: 0.030 loading class 0x00000000024900b0 done
Event: 0.030 loading class 0x0000000002490370
Event: 0.031 loading class 0x0000000002490370 done
Event: 0.031 loading class 0x000000000b3127e0
Event: 0.031 loading class 0x000000000b3127e0 done
Event: 0.031 loading class 0x0000000002488910 done


Dynamic libraries:
0x00007ff60cff0000 - 0x00007ff60d023000 	C:\Program Files\Java\jre7\bin\javaw.exe
0x00007ffd4b080000 - 0x00007ffd4b22a000 	C:\WINDOWS\SYSTEM32\ntdll.dll
0x00007ffd4adc0000 - 0x00007ffd4aefa000 	C:\WINDOWS\system32\KERNEL32.DLL
0x00007ffd48510000 - 0x00007ffd4861f000 	C:\WINDOWS\system32\KERNELBASE.dll
0x00007ffd46f90000 - 0x00007ffd47018000 	C:\WINDOWS\system32\apphelp.dll
0x00007ffd40640000 - 0x00007ffd4068f000 	C:\WINDOWS\AppPatch\AppPatch64\AcGenral.DLL
0x00007ffd48bb0000 - 0x00007ffd48c57000 	C:\WINDOWS\system32\msvcrt.dll
0x00007ffd481d0000 - 0x00007ffd481fb000 	C:\WINDOWS\SYSTEM32\SspiCli.dll
0x00007ffd49060000 - 0x00007ffd490b1000 	C:\WINDOWS\system32\SHLWAPI.dll
0x00007ffd4af00000 - 0x00007ffd4b071000 	C:\WINDOWS\system32\USER32.dll
0x00007ffd490c0000 - 0x00007ffd49238000 	C:\WINDOWS\system32\ole32.dll
0x00007ffd49420000 - 0x00007ffd4a837000 	C:\WINDOWS\system32\SHELL32.dll
0x00007ffd47970000 - 0x00007ffd4798e000 	C:\WINDOWS\SYSTEM32\USERENV.dll
0x00007ffd48b00000 - 0x00007ffd48ba5000 	C:\WINDOWS\system32\ADVAPI32.dll
0x00007ffd3faa0000 - 0x00007ffd3fabb000 	C:\WINDOWS\SYSTEM32\MPR.dll
0x00007ffd48c60000 - 0x00007ffd48d96000 	C:\WINDOWS\system32\RPCRT4.dll
0x00007ffd4a8b0000 - 0x00007ffd4a907000 	C:\WINDOWS\SYSTEM32\sechost.dll
0x00007ffd4abe0000 - 0x00007ffd4adb6000 	C:\WINDOWS\SYSTEM32\combase.dll
0x00007ffd48f10000 - 0x00007ffd49055000 	C:\WINDOWS\system32\GDI32.dll
0x00007ffd483f0000 - 0x00007ffd48404000 	C:\WINDOWS\SYSTEM32\profapi.dll
0x00007ffd466d0000 - 0x00007ffd4676f000 	C:\WINDOWS\SYSTEM32\SHCORE.dll
0x00007ffd49240000 - 0x00007ffd49274000 	C:\WINDOWS\system32\IMM32.DLL
0x00007ffd48900000 - 0x00007ffd48a39000 	C:\WINDOWS\system32\MSCTF.dll
0x00007ffd46840000 - 0x00007ffd46a9a000 	C:\WINDOWS\WinSxS\amd64_microsoft.windows.common-controls_6595b64144ccf1df_6.0.9600.17031_none_6242a4b3ecbb55a1\COMCTL32.dll
0x00000000525b0000 - 0x0000000052681000 	C:\Program Files\Java\jre7\bin\msvcr100.dll
0x0000000051ea0000 - 0x00000000525af000 	C:\Program Files\Java\jre7\bin\server\jvm.dll
0x00007ffd3fbe0000 - 0x00007ffd3fbe9000 	C:\WINDOWS\SYSTEM32\WSOCK32.dll
0x00007ffd44eb0000 - 0x00007ffd44ecf000 	C:\WINDOWS\SYSTEM32\WINMM.dll
0x00007ffd4ab00000 - 0x00007ffd4ab07000 	C:\WINDOWS\system32\PSAPI.DLL
0x00007ffd4ab80000 - 0x00007ffd4abd8000 	C:\WINDOWS\system32\WS2_32.dll
0x00007ffd44a30000 - 0x00007ffd44a5a000 	C:\WINDOWS\SYSTEM32\WINMMBASE.dll
0x00007ffd4aaf0000 - 0x00007ffd4aaf9000 	C:\WINDOWS\system32\NSI.dll
0x00007ffd48620000 - 0x00007ffd4866a000 	C:\WINDOWS\SYSTEM32\cfgmgr32.dll
0x00007ffd47210000 - 0x00007ffd47236000 	C:\WINDOWS\SYSTEM32\DEVOBJ.dll
0x0000000052f50000 - 0x0000000052f5f000 	C:\Program Files\Java\jre7\bin\verify.dll
0x0000000051e70000 - 0x0000000051e98000 	C:\Program Files\Java\jre7\bin\java.dll
0x0000000051e50000 - 0x0000000051e65000 	C:\Program Files\Java\jre7\bin\zip.dll

VM Arguments:
jvm_args: -Dfile.encoding=Cp1252 -Xbootclasspath:C:\Users\DaniloB\Downloads\adt-bundle-windows-x86_64-20140321\sdk\platforms\android-19\android.jar 
java_command: org.eclipse.jdt.internal.junit.runner.RemoteTestRunner -version 3 -port 51461 -testLoaderClass org.eclipse.jdt.internal.junit.runner.junit3.JUnit3TestLoader -loaderpluginname org.eclipse.jdt.junit.runtime -classNames br.unb.deolhonoenade.Teste.testgetNomeCurso
Launcher Type: SUN_STANDARD

Environment Variables:
PATH=C:\Program Files (x86)\CollabNet;C:\Program Files (x86)\Embarcadero\RAD Studio\9.0\bin;C:\Users\Public\Documents\RAD Studio\9.0\Bpl;C:\Program Files (x86)\Embarcadero\RAD Studio\9.0\bin64;C:\Users\Public\Documents\RAD Studio\9.0\Bpl\Win64;C:\Program Files (x86)\NVIDIA Corporation\PhysX\Common;C:\Program Files (x86)\Intel\iCLS Client\;C:\Program Files\Intel\iCLS Client\;C:\WINDOWS\system32;C:\WINDOWS;C:\WINDOWS\System32\Wbem;C:\WINDOWS\System32\WindowsPowerShell\v1.0\;C:\Program Files (x86)\Windows Live\Shared;C:\Program Files (x86)\Intel\OpenCL SDK\2.0\bin\x86;C:\Program Files (x86)\Intel\OpenCL SDK\2.0\bin\x64;C:\Program Files\Intel\Intel(R) Management Engine Components\DAL;C:\Program Files\Intel\Intel(R) Management Engine Components\IPT;C:\Program Files (x86)\Intel\Intel(R) Management Engine Components\DAL;C:\Program Files (x86)\Intel\Intel(R) Management Engine Components\IPT;C:\Program Files\Intel\WiFi\bin\;C:\Program Files\Common Files\Intel\WirelessCommon\;C:\Program Files\MATLAB\R2009a\bin;C:\Program Files\MATLAB\R2009a\bin\win64
USERNAME=DaniloB
OS=Windows_NT
PROCESSOR_IDENTIFIER=Intel64 Family 6 Model 58 Stepping 9, GenuineIntel



---------------  S Y S T E M  ---------------

OS: Windows 8 , 64 bit Build 9200 

CPU:total 4 (2 cores per cpu, 2 threads per core) family 6 model 58 stepping 9, cmov, cx8, fxsr, mmx, sse, sse2, sse3, ssse3, sse4.1, sse4.2, popcnt, avx, ht, tsc, tscinvbit, tscinv

Memory: 4k page, physical 8271420k(4849684k free), swap 16660028k(12226564k free)

vm_info: Java HotSpot(TM) 64-Bit Server VM (23.25-b01) for windows-amd64 JRE (1.7.0_25-b17), built on Jun 21 2013 12:58:32 by "java_re" with unknown MS VC++:1600

time: Tue Apr 29 15:38:55 2014
elapsed time: 0 seconds

